<?xml version="1.0" encoding="UTF-8"?>
<testng-results skipped="0" failed="0" ignored="0" total="1" passed="1">
  <reporter-output>
  </reporter-output>
  <suite name="Default suite" duration-ms="8465" started-at="2018-09-12T19:09:29Z" finished-at="2018-09-12T19:09:38Z">
    <groups>
    </groups>
    <test name="Default test" duration-ms="8465" started-at="2018-09-12T19:09:29Z" finished-at="2018-09-12T19:09:38Z">
      <class name="Finger.Training.Test.MailTest">
        <test-method status="PASS" signature="openSite()[pri:0, instance:Finger.Training.Test.MailTest@77caeb3e]" name="openSite" is-config="true" duration-ms="3430" started-at="2018-09-12T19:09:29Z" finished-at="2018-09-12T19:09:33Z">
          <reporter-output>
          </reporter-output>
        </test-method> <!-- openSite -->
        <test-method status="PASS" signature="checkLogin()[pri:0, instance:Finger.Training.Test.MailTest@77caeb3e]" name="checkLogin" duration-ms="4422" started-at="2018-09-12T19:09:33Z" finished-at="2018-09-12T19:09:37Z">
          <reporter-output>
          </reporter-output>
        </test-method> <!-- checkLogin -->
        <test-method status="PASS" signature="closeBrowser()[pri:0, instance:Finger.Training.Test.MailTest@77caeb3e]" name="closeBrowser" is-config="true" duration-ms="597" started-at="2018-09-12T19:09:37Z" finished-at="2018-09-12T19:09:38Z">
          <reporter-output>
          </reporter-output>
        </test-method> <!-- closeBrowser -->
      </class> <!-- Finger.Training.Test.MailTest -->
    </test> <!-- Default test -->
  </suite> <!-- Default suite -->
</testng-results>
