<?xml version="1.0" encoding="UTF-8"?>
<testng-results skipped="0" failed="0" ignored="0" total="3" passed="3">
  <reporter-output>
  </reporter-output>
  <suite name="Default suite" duration-ms="24285" started-at="2018-08-23T18:59:16Z" finished-at="2018-08-23T18:59:41Z">
    <groups>
    </groups>
    <test name="Default test" duration-ms="24285" started-at="2018-08-23T18:59:16Z" finished-at="2018-08-23T18:59:41Z">
      <class name="Learn.GoogleLogin">
        <test-method status="PASS" signature="useLoginToGoogle()[pri:1, instance:Learn.GoogleLogin@548e7350]" name="useLoginToGoogle" duration-ms="10820" started-at="2018-08-23T18:59:16Z" finished-at="2018-08-23T18:59:27Z">
          <reporter-output>
          </reporter-output>
        </test-method> <!-- useLoginToGoogle -->
        <test-method status="PASS" signature="userSendEmail()[pri:2, instance:Learn.GoogleLogin@548e7350]" name="userSendEmail" duration-ms="12013" started-at="2018-08-23T18:59:27Z" finished-at="2018-08-23T18:59:39Z">
          <reporter-output>
          </reporter-output>
        </test-method> <!-- userSendEmail -->
        <test-method status="PASS" signature="userLogOutFromEmailAccount()[pri:3, instance:Learn.GoogleLogin@548e7350]" name="userLogOutFromEmailAccount" duration-ms="1432" started-at="2018-08-23T18:59:39Z" finished-at="2018-08-23T18:59:41Z">
          <reporter-output>
          </reporter-output>
        </test-method> <!-- userLogOutFromEmailAccount -->
      </class> <!-- Learn.GoogleLogin -->
    </test> <!-- Default test -->
  </suite> <!-- Default suite -->
</testng-results>
