<?xml version="1.0" encoding="UTF-8"?>
<testng-results skipped="0" failed="1" ignored="0" total="6" passed="5">
  <reporter-output>
  </reporter-output>
  <suite name="Default suite" duration-ms="9988" started-at="2018-08-16T21:23:48Z" finished-at="2018-08-16T21:23:58Z">
    <groups>
    </groups>
    <test name="Default test" duration-ms="9988" started-at="2018-08-16T21:23:48Z" finished-at="2018-08-16T21:23:58Z">
      <class name="test.test.AppTest">
        <test-method status="PASS" signature="openUrl()[pri:1, instance:test.test.AppTest@29ee9faa]" name="openUrl" duration-ms="4318" started-at="2018-08-16T21:23:48Z" finished-at="2018-08-16T21:23:52Z">
          <reporter-output>
          </reporter-output>
        </test-method> <!-- openUrl -->
        <test-method status="PASS" signature="enterTextToSearchField()[pri:2, instance:test.test.AppTest@29ee9faa]" name="enterTextToSearchField" duration-ms="1550" started-at="2018-08-16T21:23:52Z" finished-at="2018-08-16T21:23:54Z">
          <reporter-output>
          </reporter-output>
        </test-method> <!-- enterTextToSearchField -->
        <test-method status="PASS" signature="clickSearchResult()[pri:3, instance:test.test.AppTest@29ee9faa]" name="clickSearchResult" duration-ms="1356" started-at="2018-08-16T21:23:54Z" finished-at="2018-08-16T21:23:55Z">
          <reporter-output>
          </reporter-output>
        </test-method> <!-- clickSearchResult -->
        <test-method status="FAIL" signature="checkViewsCounter()[pri:4, instance:test.test.AppTest@29ee9faa]" name="checkViewsCounter" duration-ms="2007" started-at="2018-08-16T21:23:55Z" finished-at="2018-08-16T21:23:57Z">
          <exception class="java.lang.NumberFormatException">
            <message>
              <![CDATA[For input string: "59,148,854"]]>
            </message>
            <full-stacktrace>
              <![CDATA[java.lang.NumberFormatException: For input string: "59,148,854"
at java.lang.NumberFormatException.forInputString(Unknown Source)
at java.lang.Long.parseLong(Unknown Source)
at java.lang.Long.parseLong(Unknown Source)
at pages.YoutubeVideoPage.getTextFromCounter(YoutubeVideoPage.java:28)
at test.test.AppTest.checkViewsCounter(AppTest.java:29)
at sun.reflect.NativeMethodAccessorImpl.invoke0(Native Method)
at sun.reflect.NativeMethodAccessorImpl.invoke(Unknown Source)
at sun.reflect.DelegatingMethodAccessorImpl.invoke(Unknown Source)
at java.lang.reflect.Method.invoke(Unknown Source)
at org.testng.internal.MethodInvocationHelper.invokeMethod(MethodInvocationHelper.java:124)
at org.testng.internal.Invoker.invokeMethod(Invoker.java:583)
at org.testng.internal.Invoker.invokeTestMethod(Invoker.java:719)
at org.testng.internal.Invoker.invokeTestMethods(Invoker.java:989)
at org.testng.internal.TestMethodWorker.invokeTestMethods(TestMethodWorker.java:125)
at org.testng.internal.TestMethodWorker.run(TestMethodWorker.java:109)
at org.testng.TestRunner.privateRun(TestRunner.java:648)
at org.testng.TestRunner.run(TestRunner.java:505)
at org.testng.SuiteRunner.runTest(SuiteRunner.java:455)
at org.testng.SuiteRunner.runSequentially(SuiteRunner.java:450)
at org.testng.SuiteRunner.privateRun(SuiteRunner.java:415)
at org.testng.SuiteRunner.run(SuiteRunner.java:364)
at org.testng.SuiteRunnerWorker.runSuite(SuiteRunnerWorker.java:52)
at org.testng.SuiteRunnerWorker.run(SuiteRunnerWorker.java:84)
at org.testng.TestNG.runSuitesSequentially(TestNG.java:1208)
at org.testng.TestNG.runSuitesLocally(TestNG.java:1137)
at org.testng.TestNG.runSuites(TestNG.java:1049)
at org.testng.TestNG.run(TestNG.java:1017)
at org.testng.remote.AbstractRemoteTestNG.run(AbstractRemoteTestNG.java:114)
at org.testng.remote.RemoteTestNG.initAndRun(RemoteTestNG.java:251)
at org.testng.remote.RemoteTestNG.main(RemoteTestNG.java:77)
]]>
            </full-stacktrace>
          </exception> <!-- java.lang.NumberFormatException -->
          <reporter-output>
          </reporter-output>
        </test-method> <!-- checkViewsCounter -->
        <test-method status="PASS" signature="checkThatWeOnYoutubePage()[pri:5, instance:test.test.AppTest@29ee9faa]" name="checkThatWeOnYoutubePage" duration-ms="32" started-at="2018-08-16T21:23:57Z" finished-at="2018-08-16T21:23:57Z">
          <reporter-output>
          </reporter-output>
        </test-method> <!-- checkThatWeOnYoutubePage -->
        <test-method status="PASS" signature="closeDriver()[pri:6, instance:test.test.AppTest@29ee9faa]" name="closeDriver" duration-ms="698" started-at="2018-08-16T21:23:57Z" finished-at="2018-08-16T21:23:58Z">
          <reporter-output>
          </reporter-output>
        </test-method> <!-- closeDriver -->
      </class> <!-- test.test.AppTest -->
    </test> <!-- Default test -->
  </suite> <!-- Default suite -->
</testng-results>
