<?xml version="1.0" encoding="UTF-8"?>
<!-- Generated by org.testng.reporters.JUnitXMLReporter -->
<testsuite hostname="FamilyPC" ignored="0" name="Default test" tests="3" failures="0" timestamp="23 авг 2018 18:59:41 GMT" time="24.285" errors="0">
  <testcase name="useLoginToGoogle" time="10.82" classname="Learn.GoogleLogin"/>
  <testcase name="userSendEmail" time="12.013" classname="Learn.GoogleLogin"/>
  <testcase name="userLogOutFromEmailAccount" time="1.432" classname="Learn.GoogleLogin"/>
</testsuite> <!-- Default test -->
